d:\capt\project-raceman\projectraceman\loginput\x64\release\vc143.pdb
d:\capt\project-raceman\projectraceman\loginput\x64\release\simplemesh.obj
d:\capt\project-raceman\projectraceman\loginput\x64\release\shader.obj
d:\capt\project-raceman\projectraceman\loginput\x64\release\camera.obj
d:\capt\project-raceman\projectraceman\loginput\x64\release\powertrain.obj
d:\capt\project-raceman\projectraceman\loginput\x64\release\physics.obj
d:\capt\project-raceman\projectraceman\loginput\x64\release\input.obj
d:\capt\project-raceman\projectraceman\loginput\x64\release\main.obj
d:\capt\project-raceman\projectraceman\loginput\x64\release\log.obj
d:\capt\project-raceman\projectraceman\loginput\x64\release\config.obj
d:\capt\project-raceman\projectraceman\loginput\x64\release\app.obj
d:\capt\project-raceman\projectraceman\loginput\x64\release\imgui_widgets.obj
d:\capt\project-raceman\projectraceman\loginput\x64\release\imgui_tables.obj
d:\capt\project-raceman\projectraceman\loginput\x64\release\imgui_draw.obj
d:\capt\project-raceman\projectraceman\loginput\x64\release\imgui_demo.obj
d:\capt\project-raceman\projectraceman\loginput\x64\release\imgui.obj
d:\capt\project-raceman\projectraceman\loginput\x64\release\imgui_impl_sdl3.obj
d:\capt\project-raceman\projectraceman\loginput\x64\release\imgui_impl_opengl3.obj
d:\capt\project-raceman\projectraceman\loginput\x64\release\glad.obj
d:\capt\project-raceman\projectraceman\x64\release\loginput.exe
d:\capt\project-raceman\projectraceman\x64\release\loginput.pdb
d:\capt\project-raceman\projectraceman\loginput\x64\release\loginput.ipdb
d:\capt\project-raceman\projectraceman\loginput\x64\release\loginput.iobj
d:\capt\project-raceman\projectraceman\loginput\x64\release\loginput.tlog\cl.command.1.tlog
d:\capt\project-raceman\projectraceman\loginput\x64\release\loginput.tlog\cl.items.tlog
d:\capt\project-raceman\projectraceman\loginput\x64\release\loginput.tlog\cl.read.1.tlog
d:\capt\project-raceman\projectraceman\loginput\x64\release\loginput.tlog\cl.write.1.tlog
d:\capt\project-raceman\projectraceman\loginput\x64\release\loginput.tlog\link.command.1.tlog
d:\capt\project-raceman\projectraceman\loginput\x64\release\loginput.tlog\link.read.1.tlog
d:\capt\project-raceman\projectraceman\loginput\x64\release\loginput.tlog\link.secondary.1.tlog
d:\capt\project-raceman\projectraceman\loginput\x64\release\loginput.tlog\link.write.1.tlog
