d:\project-raceman\projectraceman\bin-int\debug\glad.obj
d:\project-raceman\projectraceman\bin-int\debug\glad.compile.pdb
d:\project-raceman\projectraceman\bin-int\debug\main.obj
d:\project-raceman\projectraceman\bin-int\debug\main.compile.pdb
d:\project-raceman\projectraceman\bin-int\debug\inputmanager.obj
d:\project-raceman\projectraceman\bin-int\debug\inputmanager.compile.pdb
d:\project-raceman\projectraceman\bin-int\debug\wheelforcefeedback.obj
d:\project-raceman\projectraceman\bin-int\debug\wheelforcefeedback.compile.pdb
d:\project-raceman\projectraceman\bin-int\debug\physicslayer.obj
d:\project-raceman\projectraceman\bin-int\debug\physicslayer.compile.pdb
d:\project-raceman\projectraceman\bin-int\debug\physicsworld.obj
d:\project-raceman\projectraceman\bin-int\debug\physicsworld.compile.pdb
d:\project-raceman\projectraceman\bin-int\debug\audiomanager.obj
d:\project-raceman\projectraceman\bin-int\debug\audiomanager.compile.pdb
d:\project-raceman\projectraceman\bin-int\debug\vehiclesoundprofile.obj
d:\project-raceman\projectraceman\bin-int\debug\vehiclesoundprofile.compile.pdb
d:\project-raceman\projectraceman\bin-int\debug\vehicleconfig.obj
d:\project-raceman\projectraceman\bin-int\debug\vehicleconfig.compile.pdb
d:\project-raceman\projectraceman\bin-int\debug\vehiclephysics.obj
d:\project-raceman\projectraceman\bin-int\debug\vehiclephysics.compile.pdb
d:\project-raceman\projectraceman\bin-int\debug\material.obj
d:\project-raceman\projectraceman\bin-int\debug\material.compile.pdb
d:\project-raceman\projectraceman\bin-int\debug\renderer.obj
d:\project-raceman\projectraceman\bin-int\debug\renderer.compile.pdb
d:\project-raceman\projectraceman\bin-int\debug\skybox.obj
d:\project-raceman\projectraceman\bin-int\debug\skybox.compile.pdb
d:\project-raceman\projectraceman\bin-int\debug\skyboxcontroller.obj
d:\project-raceman\projectraceman\bin-int\debug\skyboxcontroller.compile.pdb
d:\project-raceman\projectraceman\bin-int\debug\imgui_impl_glfw.obj
d:\project-raceman\projectraceman\bin-int\debug\imgui_impl_glfw.compile.pdb
d:\project-raceman\projectraceman\bin-int\debug\imgui_impl_opengl3.obj
d:\project-raceman\projectraceman\bin-int\debug\imgui_impl_opengl3.compile.pdb
d:\project-raceman\projectraceman\bin-int\debug\imgui.obj
d:\project-raceman\projectraceman\bin-int\debug\imgui.compile.pdb
d:\project-raceman\projectraceman\bin-int\debug\imgui_demo.obj
d:\project-raceman\projectraceman\bin-int\debug\imgui_demo.compile.pdb
d:\project-raceman\projectraceman\bin-int\debug\imgui_draw.obj
d:\project-raceman\projectraceman\bin-int\debug\imgui_draw.compile.pdb
d:\project-raceman\projectraceman\bin-int\debug\imgui_tables.obj
d:\project-raceman\projectraceman\bin-int\debug\imgui_tables.compile.pdb
d:\project-raceman\projectraceman\bin-int\debug\imgui_widgets.obj
d:\project-raceman\projectraceman\bin-int\debug\imgui_widgets.compile.pdb
d:\project-raceman\projectraceman\bin-int\debug\menucontroller.obj
d:\project-raceman\projectraceman\bin-int\debug\menucontroller.compile.pdb
d:\project-raceman\projectraceman\bin-int\debug\objimport.obj
d:\project-raceman\projectraceman\bin-int\debug\objimport.compile.pdb
d:\project-raceman\projectraceman\bin-int\debug\console.obj
d:\project-raceman\projectraceman\bin-int\debug\console.compile.pdb
d:\project-raceman\projectraceman\bin-int\debug\sceneeditor.obj
d:\project-raceman\projectraceman\bin-int\debug\sceneeditor.compile.pdb
d:\project-raceman\projectraceman\bin-int\debug\sceneeditorpersistence.obj
d:\project-raceman\projectraceman\bin-int\debug\sceneeditorpersistence.compile.pdb
d:\project-raceman\projectraceman\bin-int\debug\sceneeditorinspector.obj
d:\project-raceman\projectraceman\bin-int\debug\sceneeditorinspector.compile.pdb
d:\project-raceman\projectraceman\bin-int\debug\application.obj
d:\project-raceman\projectraceman\bin-int\debug\application.compile.pdb
d:\project-raceman\projectraceman\bin-int\debug\scriptregistry.obj
d:\project-raceman\projectraceman\bin-int\debug\scriptregistry.compile.pdb
d:\project-raceman\projectraceman\bin-int\debug\sceneeditorproject.obj
d:\project-raceman\projectraceman\bin-int\debug\sceneeditorproject.compile.pdb
d:\project-raceman\projectraceman\bin-int\debug\objectscript.obj
d:\project-raceman\projectraceman\bin-int\debug\objectscript.compile.pdb
d:\project-raceman\projectraceman\bin-int\debug\debugui.obj
d:\project-raceman\projectraceman\bin-int\debug\debugui.compile.pdb
d:\project-raceman\projectraceman\bin-int\debug\sceneeditorruntime.obj
d:\project-raceman\projectraceman\bin-int\debug\sceneeditorruntime.compile.pdb
d:\project-raceman\projectraceman\bin-int\debug\sceneeditorgizmo.obj
d:\project-raceman\projectraceman\bin-int\debug\sceneeditorgizmo.compile.pdb
d:\project-raceman\projectraceman\bin-int\debug\sceneeditorhierarchy.obj
d:\project-raceman\projectraceman\bin-int\debug\sceneeditorhierarchy.compile.pdb
d:\project-raceman\projectraceman\bin\debug\projectraceman.lib
d:\project-raceman\projectraceman\bin\debug\projectraceman.exp
d:\project-raceman\projectraceman\bin-int\debug\projectraceman.ilk
d:\project-raceman\projectraceman\bin-int\debug\cameraorbit.obj
d:\project-raceman\projectraceman\bin-int\debug\charactercontrollertest.obj
d:\project-raceman\projectraceman\bin-int\debug\test1.obj
d:\project-raceman\projectraceman\bin-int\debug\application.compile.idb
d:\project-raceman\projectraceman\bin-int\debug\audiomanager.compile.idb
d:\project-raceman\projectraceman\bin-int\debug\cameraorbit.compile.idb
d:\project-raceman\projectraceman\bin-int\debug\charactercontrollertest.compile.idb
d:\project-raceman\projectraceman\bin-int\debug\console.compile.idb
d:\project-raceman\projectraceman\bin-int\debug\debugui.compile.idb
d:\project-raceman\projectraceman\bin-int\debug\glad.compile.idb
d:\project-raceman\projectraceman\bin-int\debug\imgui.compile.idb
d:\project-raceman\projectraceman\bin-int\debug\imgui_demo.compile.idb
d:\project-raceman\projectraceman\bin-int\debug\imgui_draw.compile.idb
d:\project-raceman\projectraceman\bin-int\debug\imgui_impl_glfw.compile.idb
d:\project-raceman\projectraceman\bin-int\debug\imgui_impl_opengl3.compile.idb
d:\project-raceman\projectraceman\bin-int\debug\imgui_tables.compile.idb
d:\project-raceman\projectraceman\bin-int\debug\imgui_widgets.compile.idb
d:\project-raceman\projectraceman\bin-int\debug\inputmanager.compile.idb
d:\project-raceman\projectraceman\bin-int\debug\main.compile.idb
d:\project-raceman\projectraceman\bin-int\debug\material.compile.idb
d:\project-raceman\projectraceman\bin-int\debug\menucontroller.compile.idb
d:\project-raceman\projectraceman\bin-int\debug\objectscript.compile.idb
d:\project-raceman\projectraceman\bin-int\debug\objimport.compile.idb
d:\project-raceman\projectraceman\bin-int\debug\physicslayer.compile.idb
d:\project-raceman\projectraceman\bin-int\debug\physicsworld.compile.idb
d:\project-raceman\projectraceman\bin-int\debug\renderer.compile.idb
d:\project-raceman\projectraceman\bin-int\debug\sceneeditor.compile.idb
d:\project-raceman\projectraceman\bin-int\debug\sceneeditorgizmo.compile.idb
d:\project-raceman\projectraceman\bin-int\debug\sceneeditorhierarchy.compile.idb
d:\project-raceman\projectraceman\bin-int\debug\sceneeditorinspector.compile.idb
d:\project-raceman\projectraceman\bin-int\debug\sceneeditorpersistence.compile.idb
d:\project-raceman\projectraceman\bin-int\debug\sceneeditorproject.compile.idb
d:\project-raceman\projectraceman\bin-int\debug\sceneeditorruntime.compile.idb
d:\project-raceman\projectraceman\bin-int\debug\scriptregistry.compile.idb
d:\project-raceman\projectraceman\bin-int\debug\skybox.compile.idb
d:\project-raceman\projectraceman\bin-int\debug\skyboxcontroller.compile.idb
d:\project-raceman\projectraceman\bin-int\debug\test1.compile.idb
d:\project-raceman\projectraceman\bin-int\debug\vc143.idb
d:\project-raceman\projectraceman\bin-int\debug\vehicleconfig.compile.idb
d:\project-raceman\projectraceman\bin-int\debug\vehiclephysics.compile.idb
d:\project-raceman\projectraceman\bin-int\debug\vehiclesoundprofile.compile.idb
d:\project-raceman\projectraceman\bin-int\debug\wheelforcefeedback.compile.idb
d:\project-raceman\projectraceman\bin-int\debug\cameraorbit.compile.pdb
d:\project-raceman\projectraceman\bin-int\debug\charactercontrollertest.compile.pdb
d:\project-raceman\projectraceman\bin-int\debug\test1.compile.pdb
d:\project-raceman\projectraceman\bin-int\debug\vc143.pdb
d:\project-raceman\projectraceman\bin\debug\projectraceman.pdb
d:\project-raceman\projectraceman\bin-int\debug\project raceman.vcxproj.filelistabsolute.txt
d:\project-raceman\projectraceman\bin-int\debug\project raceman.tlog\cl.command.1.tlog
d:\project-raceman\projectraceman\bin-int\debug\project raceman.tlog\cl.items.tlog
d:\project-raceman\projectraceman\bin-int\debug\project raceman.tlog\cl.read.1.tlog
d:\project-raceman\projectraceman\bin-int\debug\project raceman.tlog\cl.write.1.tlog
d:\project-raceman\projectraceman\bin-int\debug\project raceman.tlog\link.23304-cvtres.read.1.tlog
d:\project-raceman\projectraceman\bin-int\debug\project raceman.tlog\link.23304-cvtres.write.1.tlog
d:\project-raceman\projectraceman\bin-int\debug\project raceman.tlog\link.23304-rc.read.1.tlog
d:\project-raceman\projectraceman\bin-int\debug\project raceman.tlog\link.23304-rc.write.1.tlog
d:\project-raceman\projectraceman\bin-int\debug\project raceman.tlog\link.23304.delete.1.tlog
d:\project-raceman\projectraceman\bin-int\debug\project raceman.tlog\link.23304.read.1.tlog
d:\project-raceman\projectraceman\bin-int\debug\project raceman.tlog\link.23304.read.2.tlog
d:\project-raceman\projectraceman\bin-int\debug\project raceman.tlog\link.23304.read.3.tlog
d:\project-raceman\projectraceman\bin-int\debug\project raceman.tlog\link.23304.read.4.tlog
d:\project-raceman\projectraceman\bin-int\debug\project raceman.tlog\link.23304.read.5.tlog
d:\project-raceman\projectraceman\bin-int\debug\project raceman.tlog\link.23304.write.1.tlog
d:\project-raceman\projectraceman\bin-int\debug\project raceman.tlog\link.command.1.tlog
d:\project-raceman\projectraceman\bin-int\debug\project raceman.tlog\link.read.1.tlog
d:\project-raceman\projectraceman\bin-int\debug\project raceman.tlog\link.secondary.1.tlog
d:\project-raceman\projectraceman\bin-int\debug\project raceman.tlog\link.write.1.tlog
