d:\capt\project-raceman\projectraceman\bin-int\release\vc143.pdb
d:\capt\project-raceman\projectraceman\bin-int\release\imgui_tables.obj
d:\capt\project-raceman\projectraceman\bin-int\release\imgui_draw.obj
d:\capt\project-raceman\projectraceman\bin-int\release\imgui_demo.obj
d:\capt\project-raceman\projectraceman\bin-int\release\imgui.obj
d:\capt\project-raceman\projectraceman\bin-int\release\imgui_impl_opengl3.obj
d:\capt\project-raceman\projectraceman\bin-int\release\imgui_impl_glfw.obj
d:\capt\project-raceman\projectraceman\bin-int\release\debugui.obj
d:\capt\project-raceman\projectraceman\bin-int\release\console.obj
d:\capt\project-raceman\projectraceman\bin-int\release\simulationscene.obj
d:\capt\project-raceman\projectraceman\bin-int\release\scene.obj
d:\capt\project-raceman\projectraceman\bin-int\release\garagescene.obj
d:\capt\project-raceman\projectraceman\bin-int\release\skyboxcontroller.obj
d:\capt\project-raceman\projectraceman\bin-int\release\skybox.obj
d:\capt\project-raceman\projectraceman\bin-int\release\renderer.obj
d:\capt\project-raceman\projectraceman\bin-int\release\vehiclephysics.obj
d:\capt\project-raceman\projectraceman\bin-int\release\vehicleconfig.obj
d:\capt\project-raceman\projectraceman\bin-int\release\physicslayer.obj
d:\capt\project-raceman\projectraceman\bin-int\release\inputmanager.obj
d:\capt\project-raceman\projectraceman\bin-int\release\main.obj
d:\capt\project-raceman\projectraceman\bin-int\release\application.obj
d:\capt\project-raceman\projectraceman\bin-int\release\sceneeditor.obj
d:\capt\project-raceman\projectraceman\bin-int\release\menucontroller.obj
d:\capt\project-raceman\projectraceman\bin-int\release\imgui_widgets.obj
d:\capt\project-raceman\projectraceman\bin-int\release\glad.obj
d:\capt\project-raceman\projectraceman\bin-int\release\objimport.obj
d:\capt\project-raceman\projectraceman\bin\release\projectraceman.exe
d:\capt\project-raceman\projectraceman\bin\release\projectraceman.pdb
d:\capt\project-raceman\projectraceman\bin-int\release\projectraceman.ipdb
d:\capt\project-raceman\projectraceman\bin-int\release\projectraceman.iobj
d:\capt\project-raceman\projectraceman\bin-int\release\project raceman.vcxproj.filelistabsolute.txt
d:\capt\project-raceman\projectraceman\bin-int\release\project raceman.tlog\cl.command.1.tlog
d:\capt\project-raceman\projectraceman\bin-int\release\project raceman.tlog\cl.items.tlog
d:\capt\project-raceman\projectraceman\bin-int\release\project raceman.tlog\cl.read.1.tlog
d:\capt\project-raceman\projectraceman\bin-int\release\project raceman.tlog\cl.write.1.tlog
d:\capt\project-raceman\projectraceman\bin-int\release\project raceman.tlog\link.command.1.tlog
d:\capt\project-raceman\projectraceman\bin-int\release\project raceman.tlog\link.read.1.tlog
d:\capt\project-raceman\projectraceman\bin-int\release\project raceman.tlog\link.secondary.1.tlog
d:\capt\project-raceman\projectraceman\bin-int\release\project raceman.tlog\link.write.1.tlog
