  imgui_impl_opengl3.cpp
D:\Project-Raceman\ProjectRaceman\include\imgui\backends\imgui_impl_opengl3.cpp(122,10): error C1083: Cannot open include file: 'imgui.h': No such file or directory
  imgui_impl_sdl3.cpp
D:\Project-Raceman\ProjectRaceman\include\imgui\backends\imgui_impl_sdl3.cpp(61,10): error C1083: Cannot open include file: 'imgui.h': No such file or directory
  imgui.cpp
D:\Project-Raceman\ProjectRaceman\include\imgui\imgui.cpp(1141,10): error C1083: Cannot open include file: 'imgui/imgui.h': No such file or directory
  imgui_demo.cpp
  imgui_draw.cpp
D:\Project-Raceman\ProjectRaceman\include\imgui\imgui_draw.cpp(35,10): error C1083: Cannot open include file: 'imgui/imgui.h': No such file or directory
  imgui_tables.cpp
D:\Project-Raceman\ProjectRaceman\include\imgui\imgui_tables.cpp(198,10): error C1083: Cannot open include file: 'imgui/imgui.h': No such file or directory
  imgui_widgets.cpp
D:\Project-Raceman\ProjectRaceman\include\imgui\imgui_widgets.cpp(43,10): error C1083: Cannot open include file: 'imgui/imgui.h': No such file or directory
  App.cpp
D:\Project-Raceman\ProjectRaceman\LogInput\src\core\Config.h(3,10): error C1083: Cannot open include file: 'nlohmann/json.hpp': No such file or directory
  (compiling source file 'src/app/App.cpp')
  
  Config.cpp
D:\Project-Raceman\ProjectRaceman\LogInput\src\core\Config.h(3,10): error C1083: Cannot open include file: 'nlohmann/json.hpp': No such file or directory
  (compiling source file 'src/core/Config.cpp')
  
  Log.cpp
  main.cpp
  Input.cpp
D:\Project-Raceman\ProjectRaceman\LogInput\src\input\Input.h(2,10): error C1083: Cannot open include file: 'SDL3/SDL.h': No such file or directory
  (compiling source file 'src/input/Input.cpp')
  
  Physics.cpp
D:\Project-Raceman\ProjectRaceman\LogInput\src\Physics\Physics.h(2,10): error C1083: Cannot open include file: 'glm/glm.hpp': No such file or directory
  (compiling source file 'src/Physics/Physics.cpp')
  
  Camera.cpp
D:\Project-Raceman\ProjectRaceman\LogInput\src\render\Camera.h(2,10): error C1083: Cannot open include file: 'glm/glm.hpp': No such file or directory
  (compiling source file 'src/render/Camera.cpp')
  
  Shader.cpp
D:\Project-Raceman\ProjectRaceman\LogInput\src\render\Shader.h(3,10): error C1083: Cannot open include file: 'glad/glad.h': No such file or directory
  (compiling source file 'src/render/Shader.cpp')
  
  SimpleMesh.cpp
D:\Project-Raceman\ProjectRaceman\LogInput\src\render\SimpleMesh.h(2,10): error C1083: Cannot open include file: 'glad/glad.h': No such file or directory
  (compiling source file 'src/render/SimpleMesh.cpp')
  
  Generating Code...
